[Test]2021/11/13-21:33:02.847	[34mINFO[0m	initialize/redis.go:23	redis connect ping response:	{"pong": "PONG"}
[Test]2021/11/13-21:33:02.849	[34mINFO[0m	internal/logger.go:139	[35m/Users/codegongbing/Project/GolandProjects/CommonConfig/initialize/gorm.go:72
[0m[31m[error] [0mfailed to initialize database, got error failed to connect to `host=localhost user=root database=blog`: dial error (dial tcp [::1]:3306: connect: connection refused)
[Test]2021/11/13-21:33:38.764	[34mINFO[0m	initialize/redis.go:23	redis connect ping response:	{"pong": "PONG"}
[Test]2021/11/13-21:33:38.770	[34mINFO[0m	initialize/router.go:17	register swagger handler
[Test]2021/11/13-21:33:38.770	[34mINFO[0m	core/server.go:17	server run success on 	{"address": "9090"}
[Test]2021/11/13-21:40:23.086	[34mINFO[0m	initialize/redis.go:23	redis connect ping response:	{"pong": "PONG"}
[Test]2021/11/13-21:40:23.092	[34mINFO[0m	initialize/router.go:17	register swagger handler
[Test]2021/11/13-21:40:23.097	[34mINFO[0m	core/server.go:17	server run success on 	{"address": "9090"}
[Test]2021/11/13-21:42:07.516	[34mINFO[0m	initialize/redis.go:23	redis connect ping response:	{"pong": "PONG"}
[Test]2021/11/13-21:42:07.522	[34mINFO[0m	initialize/router.go:17	register swagger handler
[Test]2021/11/13-21:42:07.528	[34mINFO[0m	core/server.go:17	server run success on 	{"address": "9090"}
[Test]2021/11/13-21:42:33.992	[34mINFO[0m	initialize/redis.go:23	redis connect ping response:	{"pong": "PONG"}
[Test]2021/11/13-21:42:33.999	[34mINFO[0m	initialize/router.go:17	register swagger handler
[Test]2021/11/13-21:42:34.051	[34mINFO[0m	core/server.go:17	server run success on 	{"address": "9090"}
[Test]2021/11/13-21:42:52.530	[34mINFO[0m	initialize/redis.go:23	redis connect ping response:	{"pong": "PONG"}
[Test]2021/11/13-21:42:52.537	[34mINFO[0m	initialize/router.go:17	register swagger handler
[Test]2021/11/13-21:42:52.537	[34mINFO[0m	core/server.go:17	server run success on 	{"address": "7070"}
[Test]2021/11/13-21:44:37.021	[34mINFO[0m	initialize/redis.go:23	redis connect ping response:	{"pong": "PONG"}
[Test]2021/11/13-21:44:37.070	[34mINFO[0m	initialize/router.go:17	register swagger handler
[Test]2021/11/13-21:44:37.070	[34mINFO[0m	core/server.go:17	server run success on 	{"address": "7070"}
[Test]2021/11/13-21:47:17.703	[34mINFO[0m	initialize/redis.go:23	redis connect ping response:	{"pong": "PONG"}
[Test]2021/11/13-21:47:17.709	[34mINFO[0m	initialize/router.go:17	register swagger handler
[Test]2021/11/13-21:47:17.741	[34mINFO[0m	core/server.go:17	server run success on 	{"address": "9090"}
[Test]2021/11/13-21:49:33.246	[34mINFO[0m	initialize/redis.go:23	redis connect ping response:	{"pong": "PONG"}
[Test]2021/11/13-21:49:42.014	[34mINFO[0m	initialize/redis.go:23	redis connect ping response:	{"pong": "PONG"}
[Test]2021/11/13-21:50:54.903	[34mINFO[0m	initialize/redis.go:23	redis connect ping response:	{"pong": "PONG"}
[Test]2021/11/13-21:51:19.203	[34mINFO[0m	initialize/redis.go:23	redis connect ping response:	{"pong": "PONG"}
[Test]2021/11/13-21:51:19.209	[34mINFO[0m	initialize/router.go:17	register swagger handler
[Test]2021/11/13-21:51:19.209	[34mINFO[0m	core/server.go:17	server run success on 	{"address": "9090"}
[Test]2021/11/13-21:51:49.647	[34mINFO[0m	initialize/redis.go:23	redis connect ping response:	{"pong": "PONG"}
[Test]2021/11/13-21:51:49.653	[34mINFO[0m	initialize/router.go:17	register swagger handler
[Test]2021/11/13-21:51:49.653	[34mINFO[0m	core/server.go:17	server run success on 	{"address": "9090"}
[Test]2021/11/13-21:51:57.205	[34mINFO[0m	initialize/redis.go:23	redis connect ping response:	{"pong": "PONG"}
[Test]2021/11/13-21:52:20.290	[34mINFO[0m	initialize/redis.go:23	redis connect ping response:	{"pong": "PONG"}
[Test]2021/11/13-21:53:16.464	[34mINFO[0m	initialize/redis.go:23	redis connect ping response:	{"pong": "PONG"}
[Test]2021/11/13-21:53:55.968	[34mINFO[0m	initialize/redis.go:23	redis connect ping response:	{"pong": "PONG"}
[Test]2021/11/13-21:54:18.619	[34mINFO[0m	initialize/redis.go:23	redis connect ping response:	{"pong": "PONG"}
[Test]2021/11/13-21:54:18.624	[34mINFO[0m	initialize/router.go:17	register swagger handler
[Test]2021/11/13-21:54:18.683	[34mINFO[0m	core/server.go:17	server run success on 	{"address": "9090"}
[Test]2021/11/13-21:55:02.175	[34mINFO[0m	initialize/redis.go:23	redis connect ping response:	{"pong": "PONG"}
[Test]2021/11/13-21:55:02.176	[34mINFO[0m	initialize/router.go:17	register swagger handler
[Test]2021/11/13-21:55:02.234	[34mINFO[0m	core/server.go:17	server run success on 	{"address": "9090"}
